---------------------------------------------------------------
[ 2017-11-15T13:31:37+08:00 ] ::1 ::1 GET /MyProject/src/MyPhpCms/thinkphp/public/
[ info ] localhost/MyProject/src/MyPhpCms/thinkphp/public/ [运行时间：0.518344s][吞吐率：1.93req/s] [内存消耗：1,439.09kb] [文件加载：40]
[ info ] [ LANG ] G:\xampp\htdocs\MyProject\src\MyPhpCms\thinkphp\thinkphp\lang\zh-cn.php
[ info ] [ ROUTE ] array (
  'type' => 'module',
  'module' => 
  array (
    0 => '',
    1 => NULL,
    2 => NULL,
  ),
)
[ info ] [ HEADER ] array (
  'host' => 'localhost',
  'connection' => 'keep-alive',
  'upgrade-insecure-requests' => '1',
  'user-agent' => 'Mozilla/5.0 (Windows NT 10.0; WOW64) AppleWebKit/537.36 (KHTML, like Gecko) Chrome/56.0.2924.87 Safari/537.36',
  'accept' => 'text/html,application/xhtml+xml,application/xml;q=0.9,image/webp,*/*;q=0.8',
  'referer' => 'http://localhost/MyProject/src/MyPhpCms/thinkphp/',
  'accept-encoding' => 'gzip, deflate, sdch, br',
  'accept-language' => 'zh-CN,zh;q=0.8',
  'cookie' => 'bdshare_firstime=1493733380620; Phpstorm-93fd3305=2d72ac33-d9b8-4199-ae79-c12652344c32; pgv_pvi=4293433344; IOWq_2132_saltkey=D311gxgl; IOWq_2132_lastvisit=1508328283; IOWq_2132_ulastactivity=8db7SeFDHtP5pZ74tNikVZxicKSkgWjokYTh4f18Dz7V5Rc%2FxUCy; IOWq_2132_nofavfid=1; oisjjlastdiggid=34n79; prgxodisplayclass=0',
)
[ info ] [ PARAM ] array (
)
[ info ] [ RUN ] app\index\controller\Index->index[ G:\xampp\htdocs\MyProject\src\MyPhpCms\thinkphp\application\index\controller\Index.php ]
[ info ] [ LOG ] INIT File
---------------------------------------------------------------
[ 2017-11-15T13:31:48+08:00 ] ::1 ::1 GET /MyProject/src/MyPhpCms/thinkphp/public/
[ info ] localhost/MyProject/src/MyPhpCms/thinkphp/public/ [运行时间：0.021850s][吞吐率：45.77req/s] [内存消耗：1,439.07kb] [文件加载：40]
[ info ] [ LANG ] G:\xampp\htdocs\MyProject\src\MyPhpCms\thinkphp\thinkphp\lang\zh-cn.php
[ info ] [ ROUTE ] array (
  'type' => 'module',
  'module' => 
  array (
    0 => '',
    1 => NULL,
    2 => NULL,
  ),
)
[ info ] [ HEADER ] array (
  'host' => 'localhost',
  'connection' => 'keep-alive',
  'upgrade-insecure-requests' => '1',
  'user-agent' => 'Mozilla/5.0 (Windows NT 10.0; WOW64) AppleWebKit/537.36 (KHTML, like Gecko) Chrome/56.0.2924.87 Safari/537.36',
  'accept' => 'text/html,application/xhtml+xml,application/xml;q=0.9,image/webp,*/*;q=0.8',
  'referer' => 'http://localhost/MyProject/src/MyPhpCms/thinkphp/',
  'accept-encoding' => 'gzip, deflate, sdch, br',
  'accept-language' => 'zh-CN,zh;q=0.8',
  'cookie' => 'bdshare_firstime=1493733380620; Phpstorm-93fd3305=2d72ac33-d9b8-4199-ae79-c12652344c32; pgv_pvi=4293433344; IOWq_2132_saltkey=D311gxgl; IOWq_2132_lastvisit=1508328283; IOWq_2132_ulastactivity=8db7SeFDHtP5pZ74tNikVZxicKSkgWjokYTh4f18Dz7V5Rc%2FxUCy; IOWq_2132_nofavfid=1; oisjjlastdiggid=34n79; prgxodisplayclass=0',
)
[ info ] [ PARAM ] array (
)
[ info ] [ RUN ] app\index\controller\Index->index[ G:\xampp\htdocs\MyProject\src\MyPhpCms\thinkphp\application\index\controller\Index.php ]
[ info ] [ LOG ] INIT File
---------------------------------------------------------------
[ 2017-11-15T13:32:03+08:00 ] ::1 ::1 GET /MyProject/src/MyPhpCms/thinkphp/public/index.php
[ info ] localhost/MyProject/src/MyPhpCms/thinkphp/public/index.php [运行时间：0.023954s][吞吐率：41.75req/s] [内存消耗：1,438.72kb] [文件加载：40]
[ info ] [ LANG ] G:\xampp\htdocs\MyProject\src\MyPhpCms\thinkphp\thinkphp\lang\zh-cn.php
[ info ] [ ROUTE ] array (
  'type' => 'module',
  'module' => 
  array (
    0 => '',
    1 => NULL,
    2 => NULL,
  ),
)
[ info ] [ HEADER ] array (
  'host' => 'localhost',
  'connection' => 'keep-alive',
  'upgrade-insecure-requests' => '1',
  'user-agent' => 'Mozilla/5.0 (Windows NT 10.0; WOW64) AppleWebKit/537.36 (KHTML, like Gecko) Chrome/56.0.2924.87 Safari/537.36',
  'accept' => 'text/html,application/xhtml+xml,application/xml;q=0.9,image/webp,*/*;q=0.8',
  'accept-encoding' => 'gzip, deflate, sdch, br',
  'accept-language' => 'zh-CN,zh;q=0.8',
  'cookie' => 'bdshare_firstime=1493733380620; Phpstorm-93fd3305=2d72ac33-d9b8-4199-ae79-c12652344c32; pgv_pvi=4293433344; IOWq_2132_saltkey=D311gxgl; IOWq_2132_lastvisit=1508328283; IOWq_2132_ulastactivity=8db7SeFDHtP5pZ74tNikVZxicKSkgWjokYTh4f18Dz7V5Rc%2FxUCy; IOWq_2132_nofavfid=1; oisjjlastdiggid=34n79; prgxodisplayclass=0',
)
[ info ] [ PARAM ] array (
)
[ info ] [ RUN ] app\index\controller\Index->index[ G:\xampp\htdocs\MyProject\src\MyPhpCms\thinkphp\application\index\controller\Index.php ]
[ info ] [ LOG ] INIT File
---------------------------------------------------------------
[ 2017-11-15T22:24:33+08:00 ] ::1 ::1 GET /MyProject/src/MyPhpCms/thinkphp/public/admin/index/index
[ error ] [4]语法错误: unexpected '{', expecting '('
---------------------------------------------------------------
[ 2017-11-15T22:24:57+08:00 ] ::1 ::1 GET /MyProject/src/MyPhpCms/thinkphp/public/admin/index/index
[ error ] [4]语法错误: unexpected '{', expecting '('
---------------------------------------------------------------
[ 2017-11-15T22:24:57+08:00 ] ::1 ::1 GET /MyProject/src/MyPhpCms/thinkphp/public/admin/index/index
[ error ] [4]语法错误: unexpected '{', expecting '('
---------------------------------------------------------------
[ 2017-11-15T22:24:57+08:00 ] ::1 ::1 GET /MyProject/src/MyPhpCms/thinkphp/public/admin/index/index
[ error ] [4]语法错误: unexpected '{', expecting '('
---------------------------------------------------------------
[ 2017-11-15T22:24:58+08:00 ] ::1 ::1 GET /MyProject/src/MyPhpCms/thinkphp/public/admin/index/index
[ error ] [4]语法错误: unexpected '{', expecting '('
---------------------------------------------------------------
[ 2017-11-15T22:25:01+08:00 ] ::1 ::1 GET /MyProject/src/MyPhpCms/thinkphp/public/admin/index/index
[ error ] [4]语法错误: unexpected '{', expecting '('
---------------------------------------------------------------
[ 2017-11-15T22:37:53+08:00 ] ::1 ::1 GET /MyProject/src/MyPhpCms/thinkphp/public/index/index/common
[ error ] [8]Undefined property: app\common\controller\Index::$Index
---------------------------------------------------------------
[ 2017-11-15T22:37:53+08:00 ] ::1 ::1 GET /MyProject/src/MyPhpCms/thinkphp/public/index/index/common
[ error ] [8]Undefined property: app\common\controller\Index::$Index
---------------------------------------------------------------
[ 2017-11-15T22:37:53+08:00 ] ::1 ::1 GET /MyProject/src/MyPhpCms/thinkphp/public/index/index/common
[ error ] [8]Undefined property: app\common\controller\Index::$Index
---------------------------------------------------------------
[ 2017-11-15T22:37:53+08:00 ] ::1 ::1 GET /MyProject/src/MyPhpCms/thinkphp/public/index/index/common
[ error ] [8]Undefined property: app\common\controller\Index::$Index
---------------------------------------------------------------
[ 2017-11-15T22:37:54+08:00 ] ::1 ::1 GET /MyProject/src/MyPhpCms/thinkphp/public/index/index/common
[ error ] [8]Undefined property: app\common\controller\Index::$Index
---------------------------------------------------------------
[ 2017-11-15T22:37:54+08:00 ] ::1 ::1 GET /MyProject/src/MyPhpCms/thinkphp/public/index/index/common
[ error ] [8]Undefined property: app\common\controller\Index::$Index
---------------------------------------------------------------
[ 2017-11-15T22:38:25+08:00 ] ::1 ::1 GET /MyProject/src/MyPhpCms/thinkphp/public/index/index/common
[ error ] [8]Undefined property: app\common\controller\Index::$Index
---------------------------------------------------------------
[ 2017-11-15T22:38:25+08:00 ] ::1 ::1 GET /MyProject/src/MyPhpCms/thinkphp/public/index/index/common
[ error ] [8]Undefined property: app\common\controller\Index::$Index
---------------------------------------------------------------
[ 2017-11-15T22:38:25+08:00 ] ::1 ::1 GET /MyProject/src/MyPhpCms/thinkphp/public/index/index/common
[ error ] [8]Undefined property: app\common\controller\Index::$Index
---------------------------------------------------------------
[ 2017-11-15T22:38:27+08:00 ] ::1 ::1 GET /MyProject/src/MyPhpCms/thinkphp/public/index/index/common
[ error ] [8]Undefined property: app\common\controller\Index::$Index
---------------------------------------------------------------
[ 2017-11-15T22:38:34+08:00 ] ::1 ::1 GET /MyProject/src/MyPhpCms/thinkphp/public/index/index/common1
[ error ] [8]Undefined property: app\common\controller\Index::$Index
---------------------------------------------------------------
[ 2017-11-15T22:39:30+08:00 ] ::1 ::1 GET /MyProject/src/MyPhpCms/thinkphp/public/index/index/common
[ error ] [8]Undefined property: app\common\controller\Index::$Index
---------------------------------------------------------------
[ 2017-11-15T22:39:44+08:00 ] ::1 ::1 GET /MyProject/src/MyPhpCms/thinkphp/public/index/index/cc
[ error ] [8]Undefined property: app\common\controller\Index::$Index
---------------------------------------------------------------
[ 2017-11-15T22:39:45+08:00 ] ::1 ::1 GET /MyProject/src/MyPhpCms/thinkphp/public/index/index/cc
[ error ] [8]Undefined property: app\common\controller\Index::$Index
---------------------------------------------------------------
[ 2017-11-15T22:39:45+08:00 ] ::1 ::1 GET /MyProject/src/MyPhpCms/thinkphp/public/index/index/cc
[ error ] [8]Undefined property: app\common\controller\Index::$Index
---------------------------------------------------------------
[ 2017-11-15T22:39:45+08:00 ] ::1 ::1 GET /MyProject/src/MyPhpCms/thinkphp/public/index/index/cc
[ error ] [8]Undefined property: app\common\controller\Index::$Index
---------------------------------------------------------------
[ 2017-11-15T22:40:34+08:00 ] ::1 ::1 GET /MyProject/src/MyPhpCms/thinkphp/public/index/index/common
[ error ] [8]Undefined property: app\common\controller\Index::$index
---------------------------------------------------------------
[ 2017-11-15T22:40:34+08:00 ] ::1 ::1 GET /MyProject/src/MyPhpCms/thinkphp/public/index/index/common
[ error ] [8]Undefined property: app\common\controller\Index::$index
---------------------------------------------------------------
[ 2017-11-15T22:40:34+08:00 ] ::1 ::1 GET /MyProject/src/MyPhpCms/thinkphp/public/index/index/common
[ error ] [8]Undefined property: app\common\controller\Index::$index
---------------------------------------------------------------
[ 2017-11-15T22:40:35+08:00 ] ::1 ::1 GET /MyProject/src/MyPhpCms/thinkphp/public/index/index/common
[ error ] [8]Undefined property: app\common\controller\Index::$index
---------------------------------------------------------------
[ 2017-11-15T22:40:35+08:00 ] ::1 ::1 GET /MyProject/src/MyPhpCms/thinkphp/public/index/index/common
[ error ] [8]Undefined property: app\common\controller\Index::$index
---------------------------------------------------------------
[ 2017-11-15T23:20:37+08:00 ] ::1 ::1 GET /MyProject/src/MyPhpCms/thinkphp/public/index/index/Index
[ error ] [4]语法错误: unexpected '}'
---------------------------------------------------------------
[ 2017-11-15T23:20:38+08:00 ] ::1 ::1 GET /MyProject/src/MyPhpCms/thinkphp/public/index/index/Index
[ error ] [4]语法错误: unexpected '}'
---------------------------------------------------------------
[ 2017-11-15T23:20:39+08:00 ] ::1 ::1 GET /MyProject/src/MyPhpCms/thinkphp/public/index/index/Index
[ error ] [4]语法错误: unexpected '}'
---------------------------------------------------------------
[ 2017-11-15T23:20:39+08:00 ] ::1 ::1 GET /MyProject/src/MyPhpCms/thinkphp/public/index/index/Index
[ error ] [4]语法错误: unexpected '}'
---------------------------------------------------------------
[ 2017-11-15T23:20:41+08:00 ] ::1 ::1 GET /MyProject/src/MyPhpCms/thinkphp/public/index/index/
[ error ] [4]语法错误: unexpected '}'
---------------------------------------------------------------
[ 2017-11-15T23:20:45+08:00 ] ::1 ::1 GET /MyProject/src/MyPhpCms/thinkphp/public/index/index/index
[ error ] [4]语法错误: unexpected '}'
---------------------------------------------------------------
[ 2017-11-15T23:20:48+08:00 ] ::1 ::1 GET /MyProject/src/MyPhpCms/thinkphp/public/index/index/index
[ error ] [4]语法错误: unexpected '}'
---------------------------------------------------------------
[ 2017-11-15T23:20:48+08:00 ] ::1 ::1 GET /MyProject/src/MyPhpCms/thinkphp/public/index/index/index
[ error ] [4]语法错误: unexpected '}'
---------------------------------------------------------------
[ 2017-11-15T23:20:59+08:00 ] ::1 ::1 GET /MyProject/src/MyPhpCms/thinkphp/public/
[ error ] [4]语法错误: unexpected '}'
---------------------------------------------------------------
[ 2017-11-15T23:21:45+08:00 ] ::1 ::1 GET /MyProject/src/MyPhpCms/thinkphp/public/
[ error ] [4]语法错误: unexpected '}'
---------------------------------------------------------------
[ 2017-11-15T23:21:45+08:00 ] ::1 ::1 GET /MyProject/src/MyPhpCms/thinkphp/public/
[ error ] [4]语法错误: unexpected '}'
---------------------------------------------------------------
[ 2017-11-15T23:21:45+08:00 ] ::1 ::1 GET /MyProject/src/MyPhpCms/thinkphp/public/
[ error ] [4]语法错误: unexpected '}'
---------------------------------------------------------------
[ 2017-11-15T23:21:49+08:00 ] ::1 ::1 GET /MyProject/src/MyPhpCms/thinkphp/public/index/
[ error ] [4]语法错误: unexpected '}'
---------------------------------------------------------------
[ 2017-11-15T23:21:53+08:00 ] ::1 ::1 GET /MyProject/src/MyPhpCms/thinkphp/public/index/index/
[ error ] [4]语法错误: unexpected '}'
---------------------------------------------------------------
[ 2017-11-15T23:21:59+08:00 ] ::1 ::1 GET /MyProject/src/MyPhpCms/thinkphp/public/index/index/index
[ error ] [4]语法错误: unexpected '}'
---------------------------------------------------------------
[ 2017-11-15T23:22:19+08:00 ] ::1 ::1 GET /MyProject/src/MyPhpCms/thinkphp/public/index/index/
[ error ] [4]语法错误: unexpected '}'
---------------------------------------------------------------
[ 2017-11-15T23:39:05+08:00 ] ::1 ::1 GET /MyProject/src/MyPhpCms/thinkphp/public/index/index/
[ info ] localhost/MyProject/src/MyPhpCms/thinkphp/public/index/index/ [运行时间：0.037470s][吞吐率：26.69req/s] [内存消耗：1,445.48kb] [文件加载：35]
[ info ] [ LANG ] G:\xampp\htdocs\MyProject\src\MyPhpCms\thinkphp\thinkphp\lang\zh-cn.php
[ info ] [ ROUTE ] array (
  'type' => 'module',
  'module' => 
  array (
    0 => 'index',
    1 => 'index',
    2 => NULL,
  ),
)
[ info ] [ HEADER ] array (
  'host' => 'localhost',
  'connection' => 'keep-alive',
  'cache-control' => 'max-age=0',
  'upgrade-insecure-requests' => '1',
  'user-agent' => 'Mozilla/5.0 (Windows NT 10.0; WOW64) AppleWebKit/537.36 (KHTML, like Gecko) Chrome/56.0.2924.87 Safari/537.36',
  'accept' => 'text/html,application/xhtml+xml,application/xml;q=0.9,image/webp,*/*;q=0.8',
  'accept-encoding' => 'gzip, deflate, sdch, br',
  'accept-language' => 'zh-CN,zh;q=0.8',
  'cookie' => 'bdshare_firstime=1493733380620; Phpstorm-93fd3305=2d72ac33-d9b8-4199-ae79-c12652344c32; pgv_pvi=4293433344; IOWq_2132_saltkey=D311gxgl; IOWq_2132_lastvisit=1508328283; IOWq_2132_ulastactivity=8db7SeFDHtP5pZ74tNikVZxicKSkgWjokYTh4f18Dz7V5Rc%2FxUCy; IOWq_2132_nofavfid=1; oisjjlastdiggid=34n79; prgxodisplayclass=0; workspaceParam=2Content%7C%2FMyProject%2Fsrc%2FMyPhpProject%2FYZNCMS%2FContent%2Fcontent%2Findex%2Fmenuid%2F38.html; PHPSESSID=r414rt834obpus4prkep2m2cg7; pgv_si=s9271046144',
)
[ info ] [ PARAM ] array (
)
[ info ] [ RUN ] app\index\controller\Index->index[ G:\xampp\htdocs\MyProject\src\MyPhpCms\thinkphp\application\index\controller\Index.php ]
[ info ] [ LOG ] INIT File
---------------------------------------------------------------
[ 2017-11-15T23:39:05+08:00 ] ::1 ::1 GET /MyProject/src/MyPhpCms/thinkphp/public/index/index/
[ info ] localhost/MyProject/src/MyPhpCms/thinkphp/public/index/index/ [运行时间：0.027565s][吞吐率：36.28req/s] [内存消耗：1,445.48kb] [文件加载：35]
[ info ] [ LANG ] G:\xampp\htdocs\MyProject\src\MyPhpCms\thinkphp\thinkphp\lang\zh-cn.php
[ info ] [ ROUTE ] array (
  'type' => 'module',
  'module' => 
  array (
    0 => 'index',
    1 => 'index',
    2 => NULL,
  ),
)
[ info ] [ HEADER ] array (
  'host' => 'localhost',
  'connection' => 'keep-alive',
  'cache-control' => 'max-age=0',
  'upgrade-insecure-requests' => '1',
  'user-agent' => 'Mozilla/5.0 (Windows NT 10.0; WOW64) AppleWebKit/537.36 (KHTML, like Gecko) Chrome/56.0.2924.87 Safari/537.36',
  'accept' => 'text/html,application/xhtml+xml,application/xml;q=0.9,image/webp,*/*;q=0.8',
  'accept-encoding' => 'gzip, deflate, sdch, br',
  'accept-language' => 'zh-CN,zh;q=0.8',
  'cookie' => 'bdshare_firstime=1493733380620; Phpstorm-93fd3305=2d72ac33-d9b8-4199-ae79-c12652344c32; pgv_pvi=4293433344; IOWq_2132_saltkey=D311gxgl; IOWq_2132_lastvisit=1508328283; IOWq_2132_ulastactivity=8db7SeFDHtP5pZ74tNikVZxicKSkgWjokYTh4f18Dz7V5Rc%2FxUCy; IOWq_2132_nofavfid=1; oisjjlastdiggid=34n79; prgxodisplayclass=0; workspaceParam=2Content%7C%2FMyProject%2Fsrc%2FMyPhpProject%2FYZNCMS%2FContent%2Fcontent%2Findex%2Fmenuid%2F38.html; PHPSESSID=r414rt834obpus4prkep2m2cg7; pgv_si=s9271046144',
)
[ info ] [ PARAM ] array (
)
[ info ] [ RUN ] app\index\controller\Index->index[ G:\xampp\htdocs\MyProject\src\MyPhpCms\thinkphp\application\index\controller\Index.php ]
[ info ] [ LOG ] INIT File
---------------------------------------------------------------
[ 2017-11-15T23:39:05+08:00 ] ::1 ::1 GET /MyProject/src/MyPhpCms/thinkphp/public/index/index/
[ info ] localhost/MyProject/src/MyPhpCms/thinkphp/public/index/index/ [运行时间：0.033981s][吞吐率：29.43req/s] [内存消耗：1,445.48kb] [文件加载：35]
[ info ] [ LANG ] G:\xampp\htdocs\MyProject\src\MyPhpCms\thinkphp\thinkphp\lang\zh-cn.php
[ info ] [ ROUTE ] array (
  'type' => 'module',
  'module' => 
  array (
    0 => 'index',
    1 => 'index',
    2 => NULL,
  ),
)
[ info ] [ HEADER ] array (
  'host' => 'localhost',
  'connection' => 'keep-alive',
  'cache-control' => 'max-age=0',
  'upgrade-insecure-requests' => '1',
  'user-agent' => 'Mozilla/5.0 (Windows NT 10.0; WOW64) AppleWebKit/537.36 (KHTML, like Gecko) Chrome/56.0.2924.87 Safari/537.36',
  'accept' => 'text/html,application/xhtml+xml,application/xml;q=0.9,image/webp,*/*;q=0.8',
  'accept-encoding' => 'gzip, deflate, sdch, br',
  'accept-language' => 'zh-CN,zh;q=0.8',
  'cookie' => 'bdshare_firstime=1493733380620; Phpstorm-93fd3305=2d72ac33-d9b8-4199-ae79-c12652344c32; pgv_pvi=4293433344; IOWq_2132_saltkey=D311gxgl; IOWq_2132_lastvisit=1508328283; IOWq_2132_ulastactivity=8db7SeFDHtP5pZ74tNikVZxicKSkgWjokYTh4f18Dz7V5Rc%2FxUCy; IOWq_2132_nofavfid=1; oisjjlastdiggid=34n79; prgxodisplayclass=0; workspaceParam=2Content%7C%2FMyProject%2Fsrc%2FMyPhpProject%2FYZNCMS%2FContent%2Fcontent%2Findex%2Fmenuid%2F38.html; PHPSESSID=r414rt834obpus4prkep2m2cg7; pgv_si=s9271046144',
)
[ info ] [ PARAM ] array (
)
[ info ] [ RUN ] app\index\controller\Index->index[ G:\xampp\htdocs\MyProject\src\MyPhpCms\thinkphp\application\index\controller\Index.php ]
[ info ] [ LOG ] INIT File
