---------------------------------------------------------------
[ 2017-11-16T00:03:59+08:00 ] ::1 ::1 GET /MyProject/src/MyPhpCms/thinkphp/public/index/index/
[ info ] localhost/MyProject/src/MyPhpCms/thinkphp/public/index/index/ [运行时间：0.030462s][吞吐率：32.83req/s] [内存消耗：1,445.52kb] [文件加载：35]
[ info ] [ LANG ] G:\xampp\htdocs\MyProject\src\MyPhpCms\thinkphp\thinkphp\lang\zh-cn.php
[ info ] [ ROUTE ] array (
  'type' => 'module',
  'module' => 
  array (
    0 => 'index',
    1 => 'index',
    2 => NULL,
  ),
)
[ info ] [ HEADER ] array (
  'host' => 'localhost',
  'connection' => 'keep-alive',
  'cache-control' => 'max-age=0',
  'upgrade-insecure-requests' => '1',
  'user-agent' => 'Mozilla/5.0 (Windows NT 10.0; WOW64) AppleWebKit/537.36 (KHTML, like Gecko) Chrome/56.0.2924.87 Safari/537.36',
  'accept' => 'text/html,application/xhtml+xml,application/xml;q=0.9,image/webp,*/*;q=0.8',
  'accept-encoding' => 'gzip, deflate, sdch, br',
  'accept-language' => 'zh-CN,zh;q=0.8',
  'cookie' => 'bdshare_firstime=1493733380620; Phpstorm-93fd3305=2d72ac33-d9b8-4199-ae79-c12652344c32; pgv_pvi=4293433344; IOWq_2132_saltkey=D311gxgl; IOWq_2132_lastvisit=1508328283; IOWq_2132_ulastactivity=8db7SeFDHtP5pZ74tNikVZxicKSkgWjokYTh4f18Dz7V5Rc%2FxUCy; IOWq_2132_nofavfid=1; oisjjlastdiggid=34n79; prgxodisplayclass=0; workspaceParam=2Content%7C%2FMyProject%2Fsrc%2FMyPhpProject%2FYZNCMS%2FContent%2Fcontent%2Findex%2Fmenuid%2F38.html; PHPSESSID=r414rt834obpus4prkep2m2cg7; pgv_si=s9271046144',
)
[ info ] [ PARAM ] array (
)
[ info ] [ RUN ] app\index\controller\Index->index[ G:\xampp\htdocs\MyProject\src\MyPhpCms\thinkphp\application\index\controller\Index.php ]
[ info ] [ LOG ] INIT File
---------------------------------------------------------------
[ 2017-11-16T00:04:00+08:00 ] ::1 ::1 GET /MyProject/src/MyPhpCms/thinkphp/public/index/index/
[ info ] localhost/MyProject/src/MyPhpCms/thinkphp/public/index/index/ [运行时间：0.027339s][吞吐率：36.58req/s] [内存消耗：1,445.53kb] [文件加载：35]
[ info ] [ LANG ] G:\xampp\htdocs\MyProject\src\MyPhpCms\thinkphp\thinkphp\lang\zh-cn.php
[ info ] [ ROUTE ] array (
  'type' => 'module',
  'module' => 
  array (
    0 => 'index',
    1 => 'index',
    2 => NULL,
  ),
)
[ info ] [ HEADER ] array (
  'host' => 'localhost',
  'connection' => 'keep-alive',
  'cache-control' => 'max-age=0',
  'upgrade-insecure-requests' => '1',
  'user-agent' => 'Mozilla/5.0 (Windows NT 10.0; WOW64) AppleWebKit/537.36 (KHTML, like Gecko) Chrome/56.0.2924.87 Safari/537.36',
  'accept' => 'text/html,application/xhtml+xml,application/xml;q=0.9,image/webp,*/*;q=0.8',
  'accept-encoding' => 'gzip, deflate, sdch, br',
  'accept-language' => 'zh-CN,zh;q=0.8',
  'cookie' => 'bdshare_firstime=1493733380620; Phpstorm-93fd3305=2d72ac33-d9b8-4199-ae79-c12652344c32; pgv_pvi=4293433344; IOWq_2132_saltkey=D311gxgl; IOWq_2132_lastvisit=1508328283; IOWq_2132_ulastactivity=8db7SeFDHtP5pZ74tNikVZxicKSkgWjokYTh4f18Dz7V5Rc%2FxUCy; IOWq_2132_nofavfid=1; oisjjlastdiggid=34n79; prgxodisplayclass=0; workspaceParam=2Content%7C%2FMyProject%2Fsrc%2FMyPhpProject%2FYZNCMS%2FContent%2Fcontent%2Findex%2Fmenuid%2F38.html; PHPSESSID=r414rt834obpus4prkep2m2cg7; pgv_si=s9271046144',
)
[ info ] [ PARAM ] array (
)
[ info ] [ RUN ] app\index\controller\Index->index[ G:\xampp\htdocs\MyProject\src\MyPhpCms\thinkphp\application\index\controller\Index.php ]
[ info ] [ LOG ] INIT File
---------------------------------------------------------------
[ 2017-11-16T00:04:00+08:00 ] ::1 ::1 GET /MyProject/src/MyPhpCms/thinkphp/public/index/index/
[ info ] localhost/MyProject/src/MyPhpCms/thinkphp/public/index/index/ [运行时间：0.026724s][吞吐率：37.42req/s] [内存消耗：1,445.53kb] [文件加载：35]
[ info ] [ LANG ] G:\xampp\htdocs\MyProject\src\MyPhpCms\thinkphp\thinkphp\lang\zh-cn.php
[ info ] [ ROUTE ] array (
  'type' => 'module',
  'module' => 
  array (
    0 => 'index',
    1 => 'index',
    2 => NULL,
  ),
)
[ info ] [ HEADER ] array (
  'host' => 'localhost',
  'connection' => 'keep-alive',
  'cache-control' => 'max-age=0',
  'upgrade-insecure-requests' => '1',
  'user-agent' => 'Mozilla/5.0 (Windows NT 10.0; WOW64) AppleWebKit/537.36 (KHTML, like Gecko) Chrome/56.0.2924.87 Safari/537.36',
  'accept' => 'text/html,application/xhtml+xml,application/xml;q=0.9,image/webp,*/*;q=0.8',
  'accept-encoding' => 'gzip, deflate, sdch, br',
  'accept-language' => 'zh-CN,zh;q=0.8',
  'cookie' => 'bdshare_firstime=1493733380620; Phpstorm-93fd3305=2d72ac33-d9b8-4199-ae79-c12652344c32; pgv_pvi=4293433344; IOWq_2132_saltkey=D311gxgl; IOWq_2132_lastvisit=1508328283; IOWq_2132_ulastactivity=8db7SeFDHtP5pZ74tNikVZxicKSkgWjokYTh4f18Dz7V5Rc%2FxUCy; IOWq_2132_nofavfid=1; oisjjlastdiggid=34n79; prgxodisplayclass=0; workspaceParam=2Content%7C%2FMyProject%2Fsrc%2FMyPhpProject%2FYZNCMS%2FContent%2Fcontent%2Findex%2Fmenuid%2F38.html; PHPSESSID=r414rt834obpus4prkep2m2cg7; pgv_si=s9271046144',
)
[ info ] [ PARAM ] array (
)
[ info ] [ RUN ] app\index\controller\Index->index[ G:\xampp\htdocs\MyProject\src\MyPhpCms\thinkphp\application\index\controller\Index.php ]
[ info ] [ LOG ] INIT File
---------------------------------------------------------------
[ 2017-11-16T00:04:00+08:00 ] ::1 ::1 GET /MyProject/src/MyPhpCms/thinkphp/public/index/index/
[ info ] localhost/MyProject/src/MyPhpCms/thinkphp/public/index/index/ [运行时间：0.028197s][吞吐率：35.46req/s] [内存消耗：1,445.53kb] [文件加载：35]
[ info ] [ LANG ] G:\xampp\htdocs\MyProject\src\MyPhpCms\thinkphp\thinkphp\lang\zh-cn.php
[ info ] [ ROUTE ] array (
  'type' => 'module',
  'module' => 
  array (
    0 => 'index',
    1 => 'index',
    2 => NULL,
  ),
)
[ info ] [ HEADER ] array (
  'host' => 'localhost',
  'connection' => 'keep-alive',
  'cache-control' => 'max-age=0',
  'upgrade-insecure-requests' => '1',
  'user-agent' => 'Mozilla/5.0 (Windows NT 10.0; WOW64) AppleWebKit/537.36 (KHTML, like Gecko) Chrome/56.0.2924.87 Safari/537.36',
  'accept' => 'text/html,application/xhtml+xml,application/xml;q=0.9,image/webp,*/*;q=0.8',
  'accept-encoding' => 'gzip, deflate, sdch, br',
  'accept-language' => 'zh-CN,zh;q=0.8',
  'cookie' => 'bdshare_firstime=1493733380620; Phpstorm-93fd3305=2d72ac33-d9b8-4199-ae79-c12652344c32; pgv_pvi=4293433344; IOWq_2132_saltkey=D311gxgl; IOWq_2132_lastvisit=1508328283; IOWq_2132_ulastactivity=8db7SeFDHtP5pZ74tNikVZxicKSkgWjokYTh4f18Dz7V5Rc%2FxUCy; IOWq_2132_nofavfid=1; oisjjlastdiggid=34n79; prgxodisplayclass=0; workspaceParam=2Content%7C%2FMyProject%2Fsrc%2FMyPhpProject%2FYZNCMS%2FContent%2Fcontent%2Findex%2Fmenuid%2F38.html; PHPSESSID=r414rt834obpus4prkep2m2cg7; pgv_si=s9271046144',
)
[ info ] [ PARAM ] array (
)
[ info ] [ RUN ] app\index\controller\Index->index[ G:\xampp\htdocs\MyProject\src\MyPhpCms\thinkphp\application\index\controller\Index.php ]
[ info ] [ LOG ] INIT File
---------------------------------------------------------------
[ 2017-11-16T00:04:00+08:00 ] ::1 ::1 GET /MyProject/src/MyPhpCms/thinkphp/public/index/index/
[ info ] localhost/MyProject/src/MyPhpCms/thinkphp/public/index/index/ [运行时间：0.025431s][吞吐率：39.32req/s] [内存消耗：1,445.53kb] [文件加载：35]
[ info ] [ LANG ] G:\xampp\htdocs\MyProject\src\MyPhpCms\thinkphp\thinkphp\lang\zh-cn.php
[ info ] [ ROUTE ] array (
  'type' => 'module',
  'module' => 
  array (
    0 => 'index',
    1 => 'index',
    2 => NULL,
  ),
)
[ info ] [ HEADER ] array (
  'host' => 'localhost',
  'connection' => 'keep-alive',
  'cache-control' => 'max-age=0',
  'upgrade-insecure-requests' => '1',
  'user-agent' => 'Mozilla/5.0 (Windows NT 10.0; WOW64) AppleWebKit/537.36 (KHTML, like Gecko) Chrome/56.0.2924.87 Safari/537.36',
  'accept' => 'text/html,application/xhtml+xml,application/xml;q=0.9,image/webp,*/*;q=0.8',
  'accept-encoding' => 'gzip, deflate, sdch, br',
  'accept-language' => 'zh-CN,zh;q=0.8',
  'cookie' => 'bdshare_firstime=1493733380620; Phpstorm-93fd3305=2d72ac33-d9b8-4199-ae79-c12652344c32; pgv_pvi=4293433344; IOWq_2132_saltkey=D311gxgl; IOWq_2132_lastvisit=1508328283; IOWq_2132_ulastactivity=8db7SeFDHtP5pZ74tNikVZxicKSkgWjokYTh4f18Dz7V5Rc%2FxUCy; IOWq_2132_nofavfid=1; oisjjlastdiggid=34n79; prgxodisplayclass=0; workspaceParam=2Content%7C%2FMyProject%2Fsrc%2FMyPhpProject%2FYZNCMS%2FContent%2Fcontent%2Findex%2Fmenuid%2F38.html; PHPSESSID=r414rt834obpus4prkep2m2cg7; pgv_si=s9271046144',
)
[ info ] [ PARAM ] array (
)
[ info ] [ RUN ] app\index\controller\Index->index[ G:\xampp\htdocs\MyProject\src\MyPhpCms\thinkphp\application\index\controller\Index.php ]
[ info ] [ LOG ] INIT File
---------------------------------------------------------------
[ 2017-11-16T00:04:13+08:00 ] ::1 ::1 GET /MyProject/src/MyPhpCms/thinkphp/public/index/index/
[ info ] localhost/MyProject/src/MyPhpCms/thinkphp/public/index/index/ [运行时间：0.027734s][吞吐率：36.06req/s] [内存消耗：1,445.48kb] [文件加载：35]
[ info ] [ LANG ] G:\xampp\htdocs\MyProject\src\MyPhpCms\thinkphp\thinkphp\lang\zh-cn.php
[ info ] [ ROUTE ] array (
  'type' => 'module',
  'module' => 
  array (
    0 => 'index',
    1 => 'index',
    2 => NULL,
  ),
)
[ info ] [ HEADER ] array (
  'host' => 'localhost',
  'connection' => 'keep-alive',
  'cache-control' => 'max-age=0',
  'upgrade-insecure-requests' => '1',
  'user-agent' => 'Mozilla/5.0 (Windows NT 10.0; WOW64) AppleWebKit/537.36 (KHTML, like Gecko) Chrome/56.0.2924.87 Safari/537.36',
  'accept' => 'text/html,application/xhtml+xml,application/xml;q=0.9,image/webp,*/*;q=0.8',
  'accept-encoding' => 'gzip, deflate, sdch, br',
  'accept-language' => 'zh-CN,zh;q=0.8',
  'cookie' => 'bdshare_firstime=1493733380620; Phpstorm-93fd3305=2d72ac33-d9b8-4199-ae79-c12652344c32; pgv_pvi=4293433344; IOWq_2132_saltkey=D311gxgl; IOWq_2132_lastvisit=1508328283; IOWq_2132_ulastactivity=8db7SeFDHtP5pZ74tNikVZxicKSkgWjokYTh4f18Dz7V5Rc%2FxUCy; IOWq_2132_nofavfid=1; oisjjlastdiggid=34n79; prgxodisplayclass=0; workspaceParam=2Content%7C%2FMyProject%2Fsrc%2FMyPhpProject%2FYZNCMS%2FContent%2Fcontent%2Findex%2Fmenuid%2F38.html; PHPSESSID=r414rt834obpus4prkep2m2cg7; pgv_si=s9271046144',
)
[ info ] [ PARAM ] array (
)
[ info ] [ RUN ] app\index\controller\Index->index[ G:\xampp\htdocs\MyProject\src\MyPhpCms\thinkphp\application\index\controller\Index.php ]
[ info ] [ LOG ] INIT File
---------------------------------------------------------------
[ 2017-11-16T00:04:13+08:00 ] ::1 ::1 GET /MyProject/src/MyPhpCms/thinkphp/public/index/index/
[ info ] localhost/MyProject/src/MyPhpCms/thinkphp/public/index/index/ [运行时间：0.023800s][吞吐率：42.02req/s] [内存消耗：1,445.48kb] [文件加载：35]
[ info ] [ LANG ] G:\xampp\htdocs\MyProject\src\MyPhpCms\thinkphp\thinkphp\lang\zh-cn.php
[ info ] [ ROUTE ] array (
  'type' => 'module',
  'module' => 
  array (
    0 => 'index',
    1 => 'index',
    2 => NULL,
  ),
)
[ info ] [ HEADER ] array (
  'host' => 'localhost',
  'connection' => 'keep-alive',
  'cache-control' => 'max-age=0',
  'upgrade-insecure-requests' => '1',
  'user-agent' => 'Mozilla/5.0 (Windows NT 10.0; WOW64) AppleWebKit/537.36 (KHTML, like Gecko) Chrome/56.0.2924.87 Safari/537.36',
  'accept' => 'text/html,application/xhtml+xml,application/xml;q=0.9,image/webp,*/*;q=0.8',
  'accept-encoding' => 'gzip, deflate, sdch, br',
  'accept-language' => 'zh-CN,zh;q=0.8',
  'cookie' => 'bdshare_firstime=1493733380620; Phpstorm-93fd3305=2d72ac33-d9b8-4199-ae79-c12652344c32; pgv_pvi=4293433344; IOWq_2132_saltkey=D311gxgl; IOWq_2132_lastvisit=1508328283; IOWq_2132_ulastactivity=8db7SeFDHtP5pZ74tNikVZxicKSkgWjokYTh4f18Dz7V5Rc%2FxUCy; IOWq_2132_nofavfid=1; oisjjlastdiggid=34n79; prgxodisplayclass=0; workspaceParam=2Content%7C%2FMyProject%2Fsrc%2FMyPhpProject%2FYZNCMS%2FContent%2Fcontent%2Findex%2Fmenuid%2F38.html; PHPSESSID=r414rt834obpus4prkep2m2cg7; pgv_si=s9271046144',
)
[ info ] [ PARAM ] array (
)
[ info ] [ RUN ] app\index\controller\Index->index[ G:\xampp\htdocs\MyProject\src\MyPhpCms\thinkphp\application\index\controller\Index.php ]
[ info ] [ LOG ] INIT File
---------------------------------------------------------------
[ 2017-11-16T00:04:13+08:00 ] ::1 ::1 GET /MyProject/src/MyPhpCms/thinkphp/public/index/index/
[ info ] localhost/MyProject/src/MyPhpCms/thinkphp/public/index/index/ [运行时间：0.025684s][吞吐率：38.93req/s] [内存消耗：1,445.48kb] [文件加载：35]
[ info ] [ LANG ] G:\xampp\htdocs\MyProject\src\MyPhpCms\thinkphp\thinkphp\lang\zh-cn.php
[ info ] [ ROUTE ] array (
  'type' => 'module',
  'module' => 
  array (
    0 => 'index',
    1 => 'index',
    2 => NULL,
  ),
)
[ info ] [ HEADER ] array (
  'host' => 'localhost',
  'connection' => 'keep-alive',
  'cache-control' => 'max-age=0',
  'upgrade-insecure-requests' => '1',
  'user-agent' => 'Mozilla/5.0 (Windows NT 10.0; WOW64) AppleWebKit/537.36 (KHTML, like Gecko) Chrome/56.0.2924.87 Safari/537.36',
  'accept' => 'text/html,application/xhtml+xml,application/xml;q=0.9,image/webp,*/*;q=0.8',
  'accept-encoding' => 'gzip, deflate, sdch, br',
  'accept-language' => 'zh-CN,zh;q=0.8',
  'cookie' => 'bdshare_firstime=1493733380620; Phpstorm-93fd3305=2d72ac33-d9b8-4199-ae79-c12652344c32; pgv_pvi=4293433344; IOWq_2132_saltkey=D311gxgl; IOWq_2132_lastvisit=1508328283; IOWq_2132_ulastactivity=8db7SeFDHtP5pZ74tNikVZxicKSkgWjokYTh4f18Dz7V5Rc%2FxUCy; IOWq_2132_nofavfid=1; oisjjlastdiggid=34n79; prgxodisplayclass=0; workspaceParam=2Content%7C%2FMyProject%2Fsrc%2FMyPhpProject%2FYZNCMS%2FContent%2Fcontent%2Findex%2Fmenuid%2F38.html; PHPSESSID=r414rt834obpus4prkep2m2cg7; pgv_si=s9271046144',
)
[ info ] [ PARAM ] array (
)
[ info ] [ RUN ] app\index\controller\Index->index[ G:\xampp\htdocs\MyProject\src\MyPhpCms\thinkphp\application\index\controller\Index.php ]
[ info ] [ LOG ] INIT File
---------------------------------------------------------------
[ 2017-11-16T00:04:14+08:00 ] ::1 ::1 GET /MyProject/src/MyPhpCms/thinkphp/public/index/index/
[ info ] localhost/MyProject/src/MyPhpCms/thinkphp/public/index/index/ [运行时间：0.023100s][吞吐率：43.29req/s] [内存消耗：1,445.48kb] [文件加载：35]
[ info ] [ LANG ] G:\xampp\htdocs\MyProject\src\MyPhpCms\thinkphp\thinkphp\lang\zh-cn.php
[ info ] [ ROUTE ] array (
  'type' => 'module',
  'module' => 
  array (
    0 => 'index',
    1 => 'index',
    2 => NULL,
  ),
)
[ info ] [ HEADER ] array (
  'host' => 'localhost',
  'connection' => 'keep-alive',
  'cache-control' => 'max-age=0',
  'upgrade-insecure-requests' => '1',
  'user-agent' => 'Mozilla/5.0 (Windows NT 10.0; WOW64) AppleWebKit/537.36 (KHTML, like Gecko) Chrome/56.0.2924.87 Safari/537.36',
  'accept' => 'text/html,application/xhtml+xml,application/xml;q=0.9,image/webp,*/*;q=0.8',
  'accept-encoding' => 'gzip, deflate, sdch, br',
  'accept-language' => 'zh-CN,zh;q=0.8',
  'cookie' => 'bdshare_firstime=1493733380620; Phpstorm-93fd3305=2d72ac33-d9b8-4199-ae79-c12652344c32; pgv_pvi=4293433344; IOWq_2132_saltkey=D311gxgl; IOWq_2132_lastvisit=1508328283; IOWq_2132_ulastactivity=8db7SeFDHtP5pZ74tNikVZxicKSkgWjokYTh4f18Dz7V5Rc%2FxUCy; IOWq_2132_nofavfid=1; oisjjlastdiggid=34n79; prgxodisplayclass=0; workspaceParam=2Content%7C%2FMyProject%2Fsrc%2FMyPhpProject%2FYZNCMS%2FContent%2Fcontent%2Findex%2Fmenuid%2F38.html; PHPSESSID=r414rt834obpus4prkep2m2cg7; pgv_si=s9271046144',
)
[ info ] [ PARAM ] array (
)
[ info ] [ RUN ] app\index\controller\Index->index[ G:\xampp\htdocs\MyProject\src\MyPhpCms\thinkphp\application\index\controller\Index.php ]
[ info ] [ LOG ] INIT File
---------------------------------------------------------------
[ 2017-11-16T00:04:14+08:00 ] ::1 ::1 GET /MyProject/src/MyPhpCms/thinkphp/public/index/index/
[ info ] localhost/MyProject/src/MyPhpCms/thinkphp/public/index/index/ [运行时间：0.036258s][吞吐率：27.58req/s] [内存消耗：1,445.48kb] [文件加载：35]
[ info ] [ LANG ] G:\xampp\htdocs\MyProject\src\MyPhpCms\thinkphp\thinkphp\lang\zh-cn.php
[ info ] [ ROUTE ] array (
  'type' => 'module',
  'module' => 
  array (
    0 => 'index',
    1 => 'index',
    2 => NULL,
  ),
)
[ info ] [ HEADER ] array (
  'host' => 'localhost',
  'connection' => 'keep-alive',
  'cache-control' => 'max-age=0',
  'upgrade-insecure-requests' => '1',
  'user-agent' => 'Mozilla/5.0 (Windows NT 10.0; WOW64) AppleWebKit/537.36 (KHTML, like Gecko) Chrome/56.0.2924.87 Safari/537.36',
  'accept' => 'text/html,application/xhtml+xml,application/xml;q=0.9,image/webp,*/*;q=0.8',
  'accept-encoding' => 'gzip, deflate, sdch, br',
  'accept-language' => 'zh-CN,zh;q=0.8',
  'cookie' => 'bdshare_firstime=1493733380620; Phpstorm-93fd3305=2d72ac33-d9b8-4199-ae79-c12652344c32; pgv_pvi=4293433344; IOWq_2132_saltkey=D311gxgl; IOWq_2132_lastvisit=1508328283; IOWq_2132_ulastactivity=8db7SeFDHtP5pZ74tNikVZxicKSkgWjokYTh4f18Dz7V5Rc%2FxUCy; IOWq_2132_nofavfid=1; oisjjlastdiggid=34n79; prgxodisplayclass=0; workspaceParam=2Content%7C%2FMyProject%2Fsrc%2FMyPhpProject%2FYZNCMS%2FContent%2Fcontent%2Findex%2Fmenuid%2F38.html; PHPSESSID=r414rt834obpus4prkep2m2cg7; pgv_si=s9271046144',
)
[ info ] [ PARAM ] array (
)
[ info ] [ RUN ] app\index\controller\Index->index[ G:\xampp\htdocs\MyProject\src\MyPhpCms\thinkphp\application\index\controller\Index.php ]
[ info ] [ LOG ] INIT File
---------------------------------------------------------------
[ 2017-11-16T00:04:14+08:00 ] ::1 ::1 GET /MyProject/src/MyPhpCms/thinkphp/public/index/index/
[ info ] localhost/MyProject/src/MyPhpCms/thinkphp/public/index/index/ [运行时间：0.026413s][吞吐率：37.86req/s] [内存消耗：1,445.48kb] [文件加载：35]
[ info ] [ LANG ] G:\xampp\htdocs\MyProject\src\MyPhpCms\thinkphp\thinkphp\lang\zh-cn.php
[ info ] [ ROUTE ] array (
  'type' => 'module',
  'module' => 
  array (
    0 => 'index',
    1 => 'index',
    2 => NULL,
  ),
)
[ info ] [ HEADER ] array (
  'host' => 'localhost',
  'connection' => 'keep-alive',
  'cache-control' => 'max-age=0',
  'upgrade-insecure-requests' => '1',
  'user-agent' => 'Mozilla/5.0 (Windows NT 10.0; WOW64) AppleWebKit/537.36 (KHTML, like Gecko) Chrome/56.0.2924.87 Safari/537.36',
  'accept' => 'text/html,application/xhtml+xml,application/xml;q=0.9,image/webp,*/*;q=0.8',
  'accept-encoding' => 'gzip, deflate, sdch, br',
  'accept-language' => 'zh-CN,zh;q=0.8',
  'cookie' => 'bdshare_firstime=1493733380620; Phpstorm-93fd3305=2d72ac33-d9b8-4199-ae79-c12652344c32; pgv_pvi=4293433344; IOWq_2132_saltkey=D311gxgl; IOWq_2132_lastvisit=1508328283; IOWq_2132_ulastactivity=8db7SeFDHtP5pZ74tNikVZxicKSkgWjokYTh4f18Dz7V5Rc%2FxUCy; IOWq_2132_nofavfid=1; oisjjlastdiggid=34n79; prgxodisplayclass=0; workspaceParam=2Content%7C%2FMyProject%2Fsrc%2FMyPhpProject%2FYZNCMS%2FContent%2Fcontent%2Findex%2Fmenuid%2F38.html; PHPSESSID=r414rt834obpus4prkep2m2cg7; pgv_si=s9271046144',
)
[ info ] [ PARAM ] array (
)
[ info ] [ RUN ] app\index\controller\Index->index[ G:\xampp\htdocs\MyProject\src\MyPhpCms\thinkphp\application\index\controller\Index.php ]
[ info ] [ LOG ] INIT File
---------------------------------------------------------------
[ 2017-11-16T00:04:14+08:00 ] ::1 ::1 GET /MyProject/src/MyPhpCms/thinkphp/public/index/index/
[ info ] localhost/MyProject/src/MyPhpCms/thinkphp/public/index/index/ [运行时间：0.025718s][吞吐率：38.88req/s] [内存消耗：1,445.48kb] [文件加载：35]
[ info ] [ LANG ] G:\xampp\htdocs\MyProject\src\MyPhpCms\thinkphp\thinkphp\lang\zh-cn.php
[ info ] [ ROUTE ] array (
  'type' => 'module',
  'module' => 
  array (
    0 => 'index',
    1 => 'index',
    2 => NULL,
  ),
)
[ info ] [ HEADER ] array (
  'host' => 'localhost',
  'connection' => 'keep-alive',
  'cache-control' => 'max-age=0',
  'upgrade-insecure-requests' => '1',
  'user-agent' => 'Mozilla/5.0 (Windows NT 10.0; WOW64) AppleWebKit/537.36 (KHTML, like Gecko) Chrome/56.0.2924.87 Safari/537.36',
  'accept' => 'text/html,application/xhtml+xml,application/xml;q=0.9,image/webp,*/*;q=0.8',
  'accept-encoding' => 'gzip, deflate, sdch, br',
  'accept-language' => 'zh-CN,zh;q=0.8',
  'cookie' => 'bdshare_firstime=1493733380620; Phpstorm-93fd3305=2d72ac33-d9b8-4199-ae79-c12652344c32; pgv_pvi=4293433344; IOWq_2132_saltkey=D311gxgl; IOWq_2132_lastvisit=1508328283; IOWq_2132_ulastactivity=8db7SeFDHtP5pZ74tNikVZxicKSkgWjokYTh4f18Dz7V5Rc%2FxUCy; IOWq_2132_nofavfid=1; oisjjlastdiggid=34n79; prgxodisplayclass=0; workspaceParam=2Content%7C%2FMyProject%2Fsrc%2FMyPhpProject%2FYZNCMS%2FContent%2Fcontent%2Findex%2Fmenuid%2F38.html; PHPSESSID=r414rt834obpus4prkep2m2cg7; pgv_si=s9271046144',
)
[ info ] [ PARAM ] array (
)
[ info ] [ RUN ] app\index\controller\Index->index[ G:\xampp\htdocs\MyProject\src\MyPhpCms\thinkphp\application\index\controller\Index.php ]
[ info ] [ LOG ] INIT File
---------------------------------------------------------------
[ 2017-11-16T00:04:14+08:00 ] ::1 ::1 GET /MyProject/src/MyPhpCms/thinkphp/public/index/index/
[ info ] localhost/MyProject/src/MyPhpCms/thinkphp/public/index/index/ [运行时间：0.024319s][吞吐率：41.12req/s] [内存消耗：1,445.48kb] [文件加载：35]
[ info ] [ LANG ] G:\xampp\htdocs\MyProject\src\MyPhpCms\thinkphp\thinkphp\lang\zh-cn.php
[ info ] [ ROUTE ] array (
  'type' => 'module',
  'module' => 
  array (
    0 => 'index',
    1 => 'index',
    2 => NULL,
  ),
)
[ info ] [ HEADER ] array (
  'host' => 'localhost',
  'connection' => 'keep-alive',
  'cache-control' => 'max-age=0',
  'upgrade-insecure-requests' => '1',
  'user-agent' => 'Mozilla/5.0 (Windows NT 10.0; WOW64) AppleWebKit/537.36 (KHTML, like Gecko) Chrome/56.0.2924.87 Safari/537.36',
  'accept' => 'text/html,application/xhtml+xml,application/xml;q=0.9,image/webp,*/*;q=0.8',
  'accept-encoding' => 'gzip, deflate, sdch, br',
  'accept-language' => 'zh-CN,zh;q=0.8',
  'cookie' => 'bdshare_firstime=1493733380620; Phpstorm-93fd3305=2d72ac33-d9b8-4199-ae79-c12652344c32; pgv_pvi=4293433344; IOWq_2132_saltkey=D311gxgl; IOWq_2132_lastvisit=1508328283; IOWq_2132_ulastactivity=8db7SeFDHtP5pZ74tNikVZxicKSkgWjokYTh4f18Dz7V5Rc%2FxUCy; IOWq_2132_nofavfid=1; oisjjlastdiggid=34n79; prgxodisplayclass=0; workspaceParam=2Content%7C%2FMyProject%2Fsrc%2FMyPhpProject%2FYZNCMS%2FContent%2Fcontent%2Findex%2Fmenuid%2F38.html; PHPSESSID=r414rt834obpus4prkep2m2cg7; pgv_si=s9271046144',
)
[ info ] [ PARAM ] array (
)
[ info ] [ RUN ] app\index\controller\Index->index[ G:\xampp\htdocs\MyProject\src\MyPhpCms\thinkphp\application\index\controller\Index.php ]
[ info ] [ LOG ] INIT File
---------------------------------------------------------------
[ 2017-11-16T00:05:59+08:00 ] ::1 ::1 GET /MyProject/src/MyPhpCms/thinkphp/public/index/index/
[ info ] localhost/MyProject/src/MyPhpCms/thinkphp/public/index/index/ [运行时间：0.032786s][吞吐率：30.50req/s] [内存消耗：1,446.23kb] [文件加载：36]
[ info ] [ LANG ] G:\xampp\htdocs\MyProject\src\MyPhpCms\thinkphp\thinkphp\lang\zh-cn.php
[ info ] [ ROUTE ] array (
  'type' => 'module',
  'module' => 
  array (
    0 => 'index',
    1 => 'index',
    2 => NULL,
  ),
)
[ info ] [ HEADER ] array (
  'host' => 'localhost',
  'connection' => 'keep-alive',
  'cache-control' => 'max-age=0',
  'upgrade-insecure-requests' => '1',
  'user-agent' => 'Mozilla/5.0 (Windows NT 10.0; WOW64) AppleWebKit/537.36 (KHTML, like Gecko) Chrome/56.0.2924.87 Safari/537.36',
  'accept' => 'text/html,application/xhtml+xml,application/xml;q=0.9,image/webp,*/*;q=0.8',
  'accept-encoding' => 'gzip, deflate, sdch, br',
  'accept-language' => 'zh-CN,zh;q=0.8',
  'cookie' => 'bdshare_firstime=1493733380620; Phpstorm-93fd3305=2d72ac33-d9b8-4199-ae79-c12652344c32; pgv_pvi=4293433344; IOWq_2132_saltkey=D311gxgl; IOWq_2132_lastvisit=1508328283; IOWq_2132_ulastactivity=8db7SeFDHtP5pZ74tNikVZxicKSkgWjokYTh4f18Dz7V5Rc%2FxUCy; IOWq_2132_nofavfid=1; oisjjlastdiggid=34n79; prgxodisplayclass=0; workspaceParam=2Content%7C%2FMyProject%2Fsrc%2FMyPhpProject%2FYZNCMS%2FContent%2Fcontent%2Findex%2Fmenuid%2F38.html; PHPSESSID=r414rt834obpus4prkep2m2cg7; pgv_si=s9271046144',
)
[ info ] [ PARAM ] array (
)
[ info ] [ RUN ] app\index\controller\Index->index[ G:\xampp\htdocs\MyProject\src\MyPhpCms\thinkphp\application\index\controller\Index.php ]
[ info ] [ LOG ] INIT File
---------------------------------------------------------------
[ 2017-11-16T00:06:01+08:00 ] ::1 ::1 GET /MyProject/src/MyPhpCms/thinkphp/public/index/index/
[ info ] localhost/MyProject/src/MyPhpCms/thinkphp/public/index/index/ [运行时间：0.033729s][吞吐率：29.65req/s] [内存消耗：1,446.23kb] [文件加载：36]
[ info ] [ LANG ] G:\xampp\htdocs\MyProject\src\MyPhpCms\thinkphp\thinkphp\lang\zh-cn.php
[ info ] [ ROUTE ] array (
  'type' => 'module',
  'module' => 
  array (
    0 => 'index',
    1 => 'index',
    2 => NULL,
  ),
)
[ info ] [ HEADER ] array (
  'host' => 'localhost',
  'connection' => 'keep-alive',
  'cache-control' => 'max-age=0',
  'upgrade-insecure-requests' => '1',
  'user-agent' => 'Mozilla/5.0 (Windows NT 10.0; WOW64) AppleWebKit/537.36 (KHTML, like Gecko) Chrome/56.0.2924.87 Safari/537.36',
  'accept' => 'text/html,application/xhtml+xml,application/xml;q=0.9,image/webp,*/*;q=0.8',
  'accept-encoding' => 'gzip, deflate, sdch, br',
  'accept-language' => 'zh-CN,zh;q=0.8',
  'cookie' => 'bdshare_firstime=1493733380620; Phpstorm-93fd3305=2d72ac33-d9b8-4199-ae79-c12652344c32; pgv_pvi=4293433344; IOWq_2132_saltkey=D311gxgl; IOWq_2132_lastvisit=1508328283; IOWq_2132_ulastactivity=8db7SeFDHtP5pZ74tNikVZxicKSkgWjokYTh4f18Dz7V5Rc%2FxUCy; IOWq_2132_nofavfid=1; oisjjlastdiggid=34n79; prgxodisplayclass=0; workspaceParam=2Content%7C%2FMyProject%2Fsrc%2FMyPhpProject%2FYZNCMS%2FContent%2Fcontent%2Findex%2Fmenuid%2F38.html; PHPSESSID=r414rt834obpus4prkep2m2cg7; pgv_si=s9271046144',
)
[ info ] [ PARAM ] array (
)
[ info ] [ RUN ] app\index\controller\Index->index[ G:\xampp\htdocs\MyProject\src\MyPhpCms\thinkphp\application\index\controller\Index.php ]
[ info ] [ LOG ] INIT File
---------------------------------------------------------------
[ 2017-11-16T00:06:01+08:00 ] ::1 ::1 GET /MyProject/src/MyPhpCms/thinkphp/public/index/index/
[ info ] localhost/MyProject/src/MyPhpCms/thinkphp/public/index/index/ [运行时间：0.033565s][吞吐率：29.79req/s] [内存消耗：1,446.23kb] [文件加载：36]
[ info ] [ LANG ] G:\xampp\htdocs\MyProject\src\MyPhpCms\thinkphp\thinkphp\lang\zh-cn.php
[ info ] [ ROUTE ] array (
  'type' => 'module',
  'module' => 
  array (
    0 => 'index',
    1 => 'index',
    2 => NULL,
  ),
)
[ info ] [ HEADER ] array (
  'host' => 'localhost',
  'connection' => 'keep-alive',
  'cache-control' => 'max-age=0',
  'upgrade-insecure-requests' => '1',
  'user-agent' => 'Mozilla/5.0 (Windows NT 10.0; WOW64) AppleWebKit/537.36 (KHTML, like Gecko) Chrome/56.0.2924.87 Safari/537.36',
  'accept' => 'text/html,application/xhtml+xml,application/xml;q=0.9,image/webp,*/*;q=0.8',
  'accept-encoding' => 'gzip, deflate, sdch, br',
  'accept-language' => 'zh-CN,zh;q=0.8',
  'cookie' => 'bdshare_firstime=1493733380620; Phpstorm-93fd3305=2d72ac33-d9b8-4199-ae79-c12652344c32; pgv_pvi=4293433344; IOWq_2132_saltkey=D311gxgl; IOWq_2132_lastvisit=1508328283; IOWq_2132_ulastactivity=8db7SeFDHtP5pZ74tNikVZxicKSkgWjokYTh4f18Dz7V5Rc%2FxUCy; IOWq_2132_nofavfid=1; oisjjlastdiggid=34n79; prgxodisplayclass=0; workspaceParam=2Content%7C%2FMyProject%2Fsrc%2FMyPhpProject%2FYZNCMS%2FContent%2Fcontent%2Findex%2Fmenuid%2F38.html; PHPSESSID=r414rt834obpus4prkep2m2cg7; pgv_si=s9271046144',
)
[ info ] [ PARAM ] array (
)
[ info ] [ RUN ] app\index\controller\Index->index[ G:\xampp\htdocs\MyProject\src\MyPhpCms\thinkphp\application\index\controller\Index.php ]
[ info ] [ LOG ] INIT File
---------------------------------------------------------------
[ 2017-11-16T00:06:53+08:00 ] ::1 ::1 GET /MyProject/src/MyPhpCms/thinkphp/public/index/index/
[ info ] localhost/MyProject/src/MyPhpCms/thinkphp/public/index/index/ [运行时间：0.037728s][吞吐率：26.51req/s] [内存消耗：1,446.23kb] [文件加载：36]
[ info ] [ LANG ] G:\xampp\htdocs\MyProject\src\MyPhpCms\thinkphp\thinkphp\lang\zh-cn.php
[ info ] [ ROUTE ] array (
  'type' => 'module',
  'module' => 
  array (
    0 => 'index',
    1 => 'index',
    2 => NULL,
  ),
)
[ info ] [ HEADER ] array (
  'host' => 'localhost',
  'connection' => 'keep-alive',
  'cache-control' => 'max-age=0',
  'upgrade-insecure-requests' => '1',
  'user-agent' => 'Mozilla/5.0 (Windows NT 10.0; WOW64) AppleWebKit/537.36 (KHTML, like Gecko) Chrome/56.0.2924.87 Safari/537.36',
  'accept' => 'text/html,application/xhtml+xml,application/xml;q=0.9,image/webp,*/*;q=0.8',
  'accept-encoding' => 'gzip, deflate, sdch, br',
  'accept-language' => 'zh-CN,zh;q=0.8',
  'cookie' => 'bdshare_firstime=1493733380620; Phpstorm-93fd3305=2d72ac33-d9b8-4199-ae79-c12652344c32; pgv_pvi=4293433344; IOWq_2132_saltkey=D311gxgl; IOWq_2132_lastvisit=1508328283; IOWq_2132_ulastactivity=8db7SeFDHtP5pZ74tNikVZxicKSkgWjokYTh4f18Dz7V5Rc%2FxUCy; IOWq_2132_nofavfid=1; oisjjlastdiggid=34n79; prgxodisplayclass=0; workspaceParam=2Content%7C%2FMyProject%2Fsrc%2FMyPhpProject%2FYZNCMS%2FContent%2Fcontent%2Findex%2Fmenuid%2F38.html; PHPSESSID=r414rt834obpus4prkep2m2cg7; pgv_si=s9271046144',
)
[ info ] [ PARAM ] array (
)
[ info ] [ RUN ] app\index\controller\Index->index[ G:\xampp\htdocs\MyProject\src\MyPhpCms\thinkphp\application\index\controller\Index.php ]
[ info ] [ LOG ] INIT File
